master.adtec.ovh: Did not receive an HTTP/1.1 200 OK response. Full response follows:
---------------------- Begin response ----------------------
HTTP/1.1 405 Not Allowed
Date: Mon, 08 Sep 2025 13:27:59 GMT
Content-Type: text/html
Content-Length: 157
Connection: close

<html>
<head><title>405 Not Allowed</title></head>
<body>
<center><h1>405 Not Allowed</h1></center>
<hr><center>nginx/1.18.0</center>
</body>
</html>

----------------------- End response -----------------------
master.adtec.ovh: Did not receive an HTTP/1.1 200 OK response. Full response follows:
---------------------- Begin response ----------------------
HTTP/1.1 405 Not Allowed
Date: Mon, 08 Sep 2025 13:28:12 GMT
Content-Type: text/html
Content-Length: 157
Connection: close

<html>
<head><title>405 Not Allowed</title></head>
<body>
<center><h1>405 Not Allowed</h1></center>
<hr><center>nginx/1.18.0</center>
</body>
</html>

----------------------- End response -----------------------
master.adtec.ovh: Did not receive an HTTP/1.1 200 OK response. Full response follows:
---------------------- Begin response ----------------------
HTTP/1.1 405 Not Allowed
Date: Mon, 08 Sep 2025 13:28:56 GMT
Content-Type: text/html
Content-Length: 157
Connection: close

<html>
<head><title>405 Not Allowed</title></head>
<body>
<center><h1>405 Not Allowed</h1></center>
<hr><center>nginx/1.18.0</center>
</body>
</html>

----------------------- End response -----------------------
master.thijn.ovh: Did not receive an HTTP/1.1 200 OK response. Full response follows:
---------------------- Begin response ----------------------
HTTP/1.1 400 Bad Request
Server: nginx
Date: Mon, 08 Sep 2025 13:29:00 GMT
Content-Type: text/html; charset=UTF-8
Transfer-Encoding: chunked
Connection: close
X-VCMP-Error: Invalid request - Server unreachable
Strict-Transport-Security: max-age=63072000

0


----------------------- End response -----------------------
master.adtec.ovh: Did not receive an HTTP/1.1 200 OK response. Full response follows:
---------------------- Begin response ----------------------
HTTP/1.1 405 Not Allowed
Date: Mon, 08 Sep 2025 13:31:02 GMT
Content-Type: text/html
Content-Length: 157
Connection: close

<html>
<head><title>405 Not Allowed</title></head>
<body>
<center><h1>405 Not Allowed</h1></center>
<hr><center>nginx/1.18.0</center>
</body>
</html>

----------------------- End response -----------------------
master.adtec.ovh: Did not receive an HTTP/1.1 200 OK response. Full response follows:
---------------------- Begin response ----------------------
HTTP/1.1 405 Not Allowed
Date: Mon, 08 Sep 2025 13:31:13 GMT
Content-Type: text/html
Content-Length: 157
Connection: close

<html>
<head><title>405 Not Allowed</title></head>
<body>
<center><h1>405 Not Allowed</h1></center>
<hr><center>nginx/1.18.0</center>
</body>
</html>

----------------------- End response -----------------------
master.adtec.ovh: Did not receive an HTTP/1.1 200 OK response. Full response follows:
---------------------- Begin response ----------------------
HTTP/1.1 405 Not Allowed
Date: Mon, 08 Sep 2025 13:31:28 GMT
Content-Type: text/html
Content-Length: 157
Connection: close

<html>
<head><title>405 Not Allowed</title></head>
<body>
<center><h1>405 Not Allowed</h1></center>
<hr><center>nginx/1.18.0</center>
</body>
</html>

----------------------- End response -----------------------
master.adtec.ovh: Did not receive an HTTP/1.1 200 OK response. Full response follows:
---------------------- Begin response ----------------------
HTTP/1.1 405 Not Allowed
Date: Mon, 08 Sep 2025 13:31:40 GMT
Content-Type: text/html
Content-Length: 157
Connection: close

<html>
<head><title>405 Not Allowed</title></head>
<body>
<center><h1>405 Not Allowed</h1></center>
<hr><center>nginx/1.18.0</center>
</body>
</html>

----------------------- End response -----------------------
master.thijn.ovh: Did not receive an HTTP/1.1 200 OK response. Full response follows:
---------------------- Begin response ----------------------
HTTP/1.1 400 Bad Request
Server: nginx
Date: Mon, 08 Sep 2025 13:31:44 GMT
Content-Type: text/html; charset=UTF-8
Transfer-Encoding: chunked
Connection: close
X-VCMP-Error: Invalid request - Server unreachable
Strict-Transport-Security: max-age=63072000

0


----------------------- End response -----------------------
master.adtec.ovh: Did not receive an HTTP/1.1 200 OK response. Full response follows:
---------------------- Begin response ----------------------
HTTP/1.1 405 Not Allowed
Date: Mon, 08 Sep 2025 13:31:59 GMT
Content-Type: text/html
Content-Length: 157
Connection: close

<html>
<head><title>405 Not Allowed</title></head>
<body>
<center><h1>405 Not Allowed</h1></center>
<hr><center>nginx/1.18.0</center>
</body>
</html>

----------------------- End response -----------------------
master.adtec.ovh: Did not receive an HTTP/1.1 200 OK response. Full response follows:
---------------------- Begin response ----------------------
HTTP/1.1 405 Not Allowed
Date: Mon, 08 Sep 2025 13:32:51 GMT
Content-Type: text/html
Content-Length: 157
Connection: close

<html>
<head><title>405 Not Allowed</title></head>
<body>
<center><h1>405 Not Allowed</h1></center>
<hr><center>nginx/1.18.0</center>
</body>
</html>

----------------------- End response -----------------------
master.thijn.ovh: Did not receive an HTTP/1.1 200 OK response. Full response follows:
---------------------- Begin response ----------------------
HTTP/1.1 400 Bad Request
Server: nginx
Date: Mon, 08 Sep 2025 13:32:55 GMT
Content-Type: text/html; charset=UTF-8
Transfer-Encoding: chunked
Connection: close
X-VCMP-Error: Invalid request - Server unreachable
Strict-Transport-Security: max-age=63072000

0


----------------------- End response -----------------------
master.adtec.ovh: Did not receive an HTTP/1.1 200 OK response. Full response follows:
---------------------- Begin response ----------------------
HTTP/1.1 405 Not Allowed
Date: Mon, 08 Sep 2025 13:33:38 GMT
Content-Type: text/html
Content-Length: 157
Connection: close

<html>
<head><title>405 Not Allowed</title></head>
<body>
<center><h1>405 Not Allowed</h1></center>
<hr><center>nginx/1.18.0</center>
</body>
</html>

----------------------- End response -----------------------
master.thijn.ovh: Did not receive an HTTP/1.1 200 OK response. Full response follows:
---------------------- Begin response ----------------------
HTTP/1.1 400 Bad Request
Server: nginx
Date: Mon, 08 Sep 2025 13:33:42 GMT
Content-Type: text/html; charset=UTF-8
Transfer-Encoding: chunked
Connection: close
X-VCMP-Error: Invalid request - Server unreachable
Strict-Transport-Security: max-age=63072000

0


----------------------- End response -----------------------
master.adtec.ovh: Did not receive an HTTP/1.1 200 OK response. Full response follows:
---------------------- Begin response ----------------------
HTTP/1.1 405 Not Allowed
Date: Mon, 08 Sep 2025 13:34:03 GMT
Content-Type: text/html
Content-Length: 157
Connection: close

<html>
<head><title>405 Not Allowed</title></head>
<body>
<center><h1>405 Not Allowed</h1></center>
<hr><center>nginx/1.18.0</center>
</body>
</html>

----------------------- End response -----------------------
master.thijn.ovh: Did not receive an HTTP/1.1 200 OK response. Full response follows:
---------------------- Begin response ----------------------
HTTP/1.1 400 Bad Request
Server: nginx
Date: Mon, 08 Sep 2025 13:34:08 GMT
Content-Type: text/html; charset=UTF-8
Transfer-Encoding: chunked
Connection: close
X-VCMP-Error: Invalid request - Server unreachable
Strict-Transport-Security: max-age=63072000

0


----------------------- End response -----------------------
master.adtec.ovh: Did not receive an HTTP/1.1 200 OK response. Full response follows:
---------------------- Begin response ----------------------
HTTP/1.1 405 Not Allowed
Date: Mon, 08 Sep 2025 13:34:37 GMT
Content-Type: text/html
Content-Length: 157
Connection: close

<html>
<head><title>405 Not Allowed</title></head>
<body>
<center><h1>405 Not Allowed</h1></center>
<hr><center>nginx/1.18.0</center>
</body>
</html>

----------------------- End response -----------------------
master.thijn.ovh: Did not receive an HTTP/1.1 200 OK response. Full response follows:
---------------------- Begin response ----------------------
HTTP/1.1 400 Bad Request
Server: nginx
Date: Mon, 08 Sep 2025 13:34:41 GMT
Content-Type: text/html; charset=UTF-8
Transfer-Encoding: chunked
Connection: close
X-VCMP-Error: Invalid request - Server unreachable
Strict-Transport-Security: max-age=63072000

0


----------------------- End response -----------------------
master.adtec.ovh: Did not receive an HTTP/1.1 200 OK response. Full response follows:
---------------------- Begin response ----------------------
HTTP/1.1 405 Not Allowed
Date: Mon, 08 Sep 2025 13:35:56 GMT
Content-Type: text/html
Content-Length: 157
Connection: close

<html>
<head><title>405 Not Allowed</title></head>
<body>
<center><h1>405 Not Allowed</h1></center>
<hr><center>nginx/1.18.0</center>
</body>
</html>

----------------------- End response -----------------------
master.thijn.ovh: Did not receive an HTTP/1.1 200 OK response. Full response follows:
---------------------- Begin response ----------------------
HTTP/1.1 400 Bad Request
Server: nginx
Date: Mon, 08 Sep 2025 13:36:00 GMT
Content-Type: text/html; charset=UTF-8
Transfer-Encoding: chunked
Connection: close
X-VCMP-Error: Invalid request - Server unreachable
Strict-Transport-Security: max-age=63072000

0


----------------------- End response -----------------------
master.adtec.ovh: Did not receive an HTTP/1.1 200 OK response. Full response follows:
---------------------- Begin response ----------------------
HTTP/1.1 405 Not Allowed
Date: Mon, 08 Sep 2025 13:36:22 GMT
Content-Type: text/html
Content-Length: 157
Connection: close

<html>
<head><title>405 Not Allowed</title></head>
<body>
<center><h1>405 Not Allowed</h1></center>
<hr><center>nginx/1.18.0</center>
</body>
</html>

----------------------- End response -----------------------
master.adtec.ovh: Did not receive an HTTP/1.1 200 OK response. Full response follows:
---------------------- Begin response ----------------------
HTTP/1.1 405 Not Allowed
Date: Mon, 08 Sep 2025 13:37:00 GMT
Content-Type: text/html
Content-Length: 157
Connection: close

<html>
<head><title>405 Not Allowed</title></head>
<body>
<center><h1>405 Not Allowed</h1></center>
<hr><center>nginx/1.18.0</center>
</body>
</html>

----------------------- End response -----------------------
master.adtec.ovh: Did not receive an HTTP/1.1 200 OK response. Full response follows:
---------------------- Begin response ----------------------
HTTP/1.1 405 Not Allowed
Date: Mon, 08 Sep 2025 13:37:36 GMT
Content-Type: text/html
Content-Length: 157
Connection: close

<html>
<head><title>405 Not Allowed</title></head>
<body>
<center><h1>405 Not Allowed</h1></center>
<hr><center>nginx/1.18.0</center>
</body>
</html>

----------------------- End response -----------------------
master.thijn.ovh: Did not receive an HTTP/1.1 200 OK response. Full response follows:
---------------------- Begin response ----------------------
HTTP/1.1 400 Bad Request
Server: nginx
Date: Mon, 08 Sep 2025 13:37:39 GMT
Content-Type: text/html; charset=UTF-8
Transfer-Encoding: chunked
Connection: close
X-VCMP-Error: Invalid request - Server unreachable
Strict-Transport-Security: max-age=63072000

0


----------------------- End response -----------------------
master.adtec.ovh: Did not receive an HTTP/1.1 200 OK response. Full response follows:
---------------------- Begin response ----------------------
HTTP/1.1 405 Not Allowed
Date: Mon, 08 Sep 2025 13:37:56 GMT
Content-Type: text/html
Content-Length: 157
Connection: close

<html>
<head><title>405 Not Allowed</title></head>
<body>
<center><h1>405 Not Allowed</h1></center>
<hr><center>nginx/1.18.0</center>
</body>
</html>

----------------------- End response -----------------------
